<?xml version="1.0" encoding="UTF-8"?>
<coverage generated="1672351560301" clover="3.2.0">
  <project timestamp="1672351560301" name="All files">
    <metrics statements="42" coveredstatements="39" conditionals="19" coveredconditionals="14" methods="25" coveredmethods="24" elements="86" coveredelements="77" complexity="0" loc="42" ncloc="42" packages="2" files="5" classes="5"/>
    <package name="components">
      <metrics statements="31" coveredstatements="29" conditionals="14" coveredconditionals="10" methods="21" coveredmethods="20"/>
      <file name="CheckList.tsx" path="C:\Users\tania\repo\react-2\src\components\CheckList.tsx">
        <metrics statements="17" coveredstatements="16" conditionals="10" coveredconditionals="8" methods="12" coveredmethods="12"/>
        <line num="10" count="3" type="stmt"/>
        <line num="12" count="3" type="stmt"/>
        <line num="14" count="3" type="stmt"/>
        <line num="15" count="99" type="stmt"/>
        <line num="17" count="3" type="stmt"/>
        <line num="19" count="3" type="stmt"/>
        <line num="20" count="17" type="stmt"/>
        <line num="24" count="17" type="stmt"/>
        <line num="27" count="3" type="stmt"/>
        <line num="28" count="1" type="cond" truecount="1" falsecount="1"/>
        <line num="29" count="0" type="stmt"/>
        <line num="33" count="3" type="cond" truecount="1" falsecount="1"/>
        <line num="35" count="3" type="stmt"/>
        <line num="37" count="1" type="cond" truecount="2" falsecount="0"/>
        <line num="39" count="34" type="stmt"/>
        <line num="45" count="1" type="stmt"/>
        <line num="48" count="1" type="stmt"/>
      </file>
      <file name="Footer.tsx" path="C:\Users\tania\repo\react-2\src\components\Footer.tsx">
        <metrics statements="1" coveredstatements="1" conditionals="0" coveredconditionals="0" methods="1" coveredmethods="1"/>
        <line num="5" count="1" type="stmt"/>
      </file>
      <file name="Logo.tsx" path="C:\Users\tania\repo\react-2\src\components\Logo.tsx">
        <metrics statements="1" coveredstatements="1" conditionals="0" coveredconditionals="0" methods="1" coveredmethods="1"/>
        <line num="5" count="1" type="stmt"/>
      </file>
      <file name="Search.tsx" path="C:\Users\tania\repo\react-2\src\components\Search.tsx">
        <metrics statements="12" coveredstatements="11" conditionals="4" coveredconditionals="2" methods="7" coveredmethods="6"/>
        <line num="5" count="5" type="stmt"/>
        <line num="6" count="5" type="stmt"/>
        <line num="8" count="5" type="stmt"/>
        <line num="9" count="1" type="cond" truecount="1" falsecount="1"/>
        <line num="12" count="5" type="stmt"/>
        <line num="13" count="1" type="cond" truecount="1" falsecount="1"/>
        <line num="14" count="1" type="stmt"/>
        <line num="18" count="5" type="stmt"/>
        <line num="19" count="2" type="stmt"/>
        <line num="21" count="5" type="stmt"/>
        <line num="25" count="1" type="stmt"/>
        <line num="26" count="0" type="stmt"/>
      </file>
    </package>
    <package name="services">
      <metrics statements="11" coveredstatements="10" conditionals="5" coveredconditionals="4" methods="4" coveredmethods="4"/>
      <file name="hooks.ts" path="C:\Users\tania\repo\react-2\src\services\hooks.ts">
        <metrics statements="11" coveredstatements="10" conditionals="5" coveredconditionals="4" methods="4" coveredmethods="4"/>
        <line num="4" count="3" type="stmt"/>
        <line num="5" count="3" type="stmt"/>
        <line num="7" count="3" type="stmt"/>
        <line num="8" count="2" type="cond" truecount="4" falsecount="1"/>
        <line num="9" count="0" type="stmt"/>
        <line num="11" count="2" type="stmt"/>
        <line num="14" count="3" type="stmt"/>
        <line num="15" count="1" type="stmt"/>
        <line num="16" count="1" type="stmt"/>
        <line num="17" count="1" type="stmt"/>
        <line num="21" count="3" type="stmt"/>
      </file>
    </package>
  </project>
</coverage>
