{"C:\\Users\\tania\\repo\\react-2\\src\\components\\CheckList.tsx": {"path":"C:\\Users\\tania\\repo\\react-2\\src\\components\\CheckList.tsx","statementMap":{"0":{"start":{"line":10,"column":38},"end":{"line":10,"column":63}},"1":{"start":{"line":12,"column":25},"end":{"line":12,"column":211}},"2":{"start":{"line":14,"column":22},"end":{"line":16,"column":3}},"3":{"start":{"line":15,"column":5},"end":{"line":15,"column":66}},"4":{"start":{"line":15,"column":32},"end":{"line":15,"column":39}},"5":{"start":{"line":17,"column":30},"end":{"line":17,"column":45}},"6":{"start":{"line":19,"column":24},"end":{"line":25,"column":3}},"7":{"start":{"line":20,"column":27},"end":{"line":23,"column":7}},"8":{"start":{"line":20,"column":49},"end":{"line":23,"column":5}},"9":{"start":{"line":24,"column":4},"end":{"line":24,"column":64}},"10":{"start":{"line":24,"column":35},"end":{"line":24,"column":44}},"11":{"start":{"line":24,"column":55},"end":{"line":24,"column":62}},"12":{"start":{"line":27,"column":2},"end":{"line":31,"column":26}},"13":{"start":{"line":28,"column":4},"end":{"line":30,"column":5}},"14":{"start":{"line":29,"column":6},"end":{"line":29,"column":22}},"15":{"start":{"line":33,"column":24},"end":{"line":33,"column":100}},"16":{"start":{"line":33,"column":38},"end":{"line":33,"column":90}},"17":{"start":{"line":35,"column":2},"end":{"line":42,"column":3}},"18":{"start":{"line":37,"column":43},"end":{"line":37,"column":61}},"19":{"start":{"line":39,"column":41},"end":{"line":39,"column":214}},"20":{"start":{"line":39,"column":166},"end":{"line":39,"column":188}},"21":{"start":{"line":45,"column":0},"end":{"line":47,"column":1}},"22":{"start":{"line":48,"column":0},"end":{"line":50,"column":1}}},"fnMap":{"0":{"name":"CheckList","decl":{"start":{"line":9,"column":24},"end":{"line":9,"column":33}},"loc":{"start":{"line":9,"column":114},"end":{"line":43,"column":1}},"line":9},"1":{"name":"(anonymous_1)","decl":{"start":{"line":14,"column":41},"end":{"line":14,"column":42}},"loc":{"start":{"line":15,"column":5},"end":{"line":15,"column":66}},"line":15},"2":{"name":"(anonymous_2)","decl":{"start":{"line":15,"column":27},"end":{"line":15,"column":28}},"loc":{"start":{"line":15,"column":32},"end":{"line":15,"column":39}},"line":15},"3":{"name":"(anonymous_3)","decl":{"start":{"line":19,"column":24},"end":{"line":19,"column":25}},"loc":{"start":{"line":19,"column":48},"end":{"line":25,"column":3}},"line":19},"4":{"name":"(anonymous_4)","decl":{"start":{"line":20,"column":36},"end":{"line":20,"column":37}},"loc":{"start":{"line":20,"column":49},"end":{"line":23,"column":5}},"line":20},"5":{"name":"(anonymous_5)","decl":{"start":{"line":24,"column":30},"end":{"line":24,"column":31}},"loc":{"start":{"line":24,"column":35},"end":{"line":24,"column":44}},"line":24},"6":{"name":"(anonymous_6)","decl":{"start":{"line":24,"column":50},"end":{"line":24,"column":51}},"loc":{"start":{"line":24,"column":55},"end":{"line":24,"column":62}},"line":24},"7":{"name":"(anonymous_7)","decl":{"start":{"line":27,"column":12},"end":{"line":27,"column":13}},"loc":{"start":{"line":27,"column":18},"end":{"line":31,"column":3}},"line":27},"8":{"name":"(anonymous_8)","decl":{"start":{"line":33,"column":32},"end":{"line":33,"column":33}},"loc":{"start":{"line":33,"column":38},"end":{"line":33,"column":90}},"line":33},"9":{"name":"(anonymous_9)","decl":{"start":{"line":37,"column":37},"end":{"line":37,"column":38}},"loc":{"start":{"line":37,"column":43},"end":{"line":37,"column":61}},"line":37},"10":{"name":"(anonymous_10)","decl":{"start":{"line":39,"column":18},"end":{"line":39,"column":19}},"loc":{"start":{"line":39,"column":41},"end":{"line":39,"column":214}},"line":39},"11":{"name":"(anonymous_11)","decl":{"start":{"line":39,"column":160},"end":{"line":39,"column":161}},"loc":{"start":{"line":39,"column":166},"end":{"line":39,"column":188}},"line":39}},"branchMap":{"0":{"loc":{"start":{"line":22,"column":15},"end":{"line":22,"column":56}},"type":"cond-expr","locations":[{"start":{"line":22,"column":34},"end":{"line":22,"column":44}},{"start":{"line":22,"column":47},"end":{"line":22,"column":56}}],"line":22},"1":{"loc":{"start":{"line":28,"column":4},"end":{"line":30,"column":5}},"type":"if","locations":[{"start":{"line":28,"column":4},"end":{"line":30,"column":5}},{"start":{},"end":{}}],"line":28},"2":{"loc":{"start":{"line":33,"column":38},"end":{"line":33,"column":90}},"type":"cond-expr","locations":[{"start":{"line":33,"column":57},"end":{"line":33,"column":73}},{"start":{"line":33,"column":76},"end":{"line":33,"column":90}}],"line":33},"3":{"loc":{"start":{"line":37,"column":74},"end":{"line":37,"column":94}},"type":"cond-expr","locations":[{"start":{"line":37,"column":83},"end":{"line":37,"column":89}},{"start":{"line":37,"column":92},"end":{"line":37,"column":94}}],"line":37},"4":{"loc":{"start":{"line":38,"column":7},"end":{"line":40,"column":11}},"type":"binary-expr","locations":[{"start":{"line":38,"column":7},"end":{"line":38,"column":13}},{"start":{"line":38,"column":17},"end":{"line":40,"column":11}}],"line":38}},"s":{"0":3,"1":3,"2":3,"3":51,"4":99,"5":3,"6":3,"7":1,"8":17,"9":1,"10":17,"11":1,"12":3,"13":1,"14":0,"15":3,"16":1,"17":3,"18":1,"19":34,"20":1,"21":1,"22":1},"f":{"0":3,"1":51,"2":99,"3":1,"4":17,"5":17,"6":1,"7":1,"8":1,"9":1,"10":34,"11":1},"b":{"0":[1,16],"1":[0,1],"2":[1,0],"3":[2,1],"4":[3,2]},"_coverageSchema":"1a1c01bbd47fc00a2c39e90264f33305004495a9","hash":"8f4abccf519d1bb95a0547af231fc0ddd00f936c"}
,"C:\\Users\\tania\\repo\\react-2\\src\\components\\Footer.tsx": {"path":"C:\\Users\\tania\\repo\\react-2\\src\\components\\Footer.tsx","statementMap":{"0":{"start":{"line":5,"column":2},"end":{"line":5,"column":36}}},"fnMap":{"0":{"name":"Footer","decl":{"start":{"line":4,"column":24},"end":{"line":4,"column":30}},"loc":{"start":{"line":4,"column":47},"end":{"line":6,"column":1}},"line":4}},"branchMap":{},"s":{"0":1},"f":{"0":1},"b":{},"_coverageSchema":"1a1c01bbd47fc00a2c39e90264f33305004495a9","hash":"71ac91882e417f3802bdd1b0aaed5d464029bfcb"}
,"C:\\Users\\tania\\repo\\react-2\\src\\components\\Logo.tsx": {"path":"C:\\Users\\tania\\repo\\react-2\\src\\components\\Logo.tsx","statementMap":{"0":{"start":{"line":5,"column":2},"end":{"line":5,"column":85}}},"fnMap":{"0":{"name":"Logo","decl":{"start":{"line":4,"column":24},"end":{"line":4,"column":28}},"loc":{"start":{"line":4,"column":45},"end":{"line":6,"column":1}},"line":4}},"branchMap":{},"s":{"0":1},"f":{"0":1},"b":{},"_coverageSchema":"1a1c01bbd47fc00a2c39e90264f33305004495a9","hash":"e144f48cc6dc3ef8384178506b89373cfa7ba2d0"}
,"C:\\Users\\tania\\repo\\react-2\\src\\components\\Search.tsx": {"path":"C:\\Users\\tania\\repo\\react-2\\src\\components\\Search.tsx","statementMap":{"0":{"start":{"line":5,"column":17},"end":{"line":5,"column":28}},"1":{"start":{"line":6,"column":40},"end":{"line":6,"column":52}},"2":{"start":{"line":8,"column":17},"end":{"line":10,"column":3}},"3":{"start":{"line":9,"column":4},"end":{"line":9,"column":77}},"4":{"start":{"line":12,"column":24},"end":{"line":16,"column":3}},"5":{"start":{"line":13,"column":4},"end":{"line":15,"column":5}},"6":{"start":{"line":14,"column":6},"end":{"line":14,"column":14}},"7":{"start":{"line":18,"column":2},"end":{"line":20,"column":13}},"8":{"start":{"line":19,"column":4},"end":{"line":19,"column":25}},"9":{"start":{"line":21,"column":2},"end":{"line":29,"column":3}},"10":{"start":{"line":25,"column":53},"end":{"line":25,"column":69}},"11":{"start":{"line":25,"column":88},"end":{"line":25,"column":118}},"12":{"start":{"line":26,"column":47},"end":{"line":26,"column":55}}},"fnMap":{"0":{"name":"Search","decl":{"start":{"line":4,"column":24},"end":{"line":4,"column":30}},"loc":{"start":{"line":4,"column":76},"end":{"line":30,"column":1}},"line":4},"1":{"name":"(anonymous_1)","decl":{"start":{"line":8,"column":17},"end":{"line":8,"column":18}},"loc":{"start":{"line":8,"column":29},"end":{"line":10,"column":3}},"line":8},"2":{"name":"(anonymous_2)","decl":{"start":{"line":12,"column":24},"end":{"line":12,"column":25}},"loc":{"start":{"line":12,"column":70},"end":{"line":16,"column":3}},"line":12},"3":{"name":"(anonymous_3)","decl":{"start":{"line":18,"column":12},"end":{"line":18,"column":13}},"loc":{"start":{"line":18,"column":18},"end":{"line":20,"column":3}},"line":18},"4":{"name":"(anonymous_4)","decl":{"start":{"line":25,"column":46},"end":{"line":25,"column":47}},"loc":{"start":{"line":25,"column":53},"end":{"line":25,"column":69}},"line":25},"5":{"name":"(anonymous_5)","decl":{"start":{"line":25,"column":81},"end":{"line":25,"column":82}},"loc":{"start":{"line":25,"column":88},"end":{"line":25,"column":118}},"line":25},"6":{"name":"(anonymous_6)","decl":{"start":{"line":26,"column":41},"end":{"line":26,"column":42}},"loc":{"start":{"line":26,"column":47},"end":{"line":26,"column":55}},"line":26}},"branchMap":{"0":{"loc":{"start":{"line":9,"column":31},"end":{"line":9,"column":74}},"type":"cond-expr","locations":[{"start":{"line":9,"column":52},"end":{"line":9,"column":69}},{"start":{"line":9,"column":72},"end":{"line":9,"column":74}}],"line":9},"1":{"loc":{"start":{"line":13,"column":4},"end":{"line":15,"column":5}},"type":"if","locations":[{"start":{"line":13,"column":4},"end":{"line":15,"column":5}},{"start":{},"end":{}}],"line":13}},"s":{"0":5,"1":5,"2":5,"3":1,"4":5,"5":1,"6":1,"7":5,"8":2,"9":5,"10":1,"11":1,"12":0},"f":{"0":5,"1":1,"2":1,"3":2,"4":1,"5":1,"6":0},"b":{"0":[1,0],"1":[1,0]},"_coverageSchema":"1a1c01bbd47fc00a2c39e90264f33305004495a9","hash":"84ee89d83df420fec8189378b52b852affaa6a56"}
,"C:\\Users\\tania\\repo\\react-2\\src\\services\\hooks.ts": {"path":"C:\\Users\\tania\\repo\\react-2\\src\\services\\hooks.ts","statementMap":{"0":{"start":{"line":4,"column":54},"end":{"line":4,"column":80}},"1":{"start":{"line":5,"column":14},"end":{"line":5,"column":31}},"2":{"start":{"line":7,"column":29},"end":{"line":13,"column":3}},"3":{"start":{"line":8,"column":4},"end":{"line":12,"column":5}},"4":{"start":{"line":9,"column":6},"end":{"line":9,"column":34}},"5":{"start":{"line":11,"column":6},"end":{"line":11,"column":33}},"6":{"start":{"line":14,"column":2},"end":{"line":19,"column":8}},"7":{"start":{"line":15,"column":4},"end":{"line":15,"column":64}},"8":{"start":{"line":16,"column":4},"end":{"line":18,"column":5}},"9":{"start":{"line":17,"column":6},"end":{"line":17,"column":69}},"10":{"start":{"line":21,"column":2},"end":{"line":21,"column":59}}},"fnMap":{"0":{"name":"useComponentVisible","decl":{"start":{"line":3,"column":24},"end":{"line":3,"column":43}},"loc":{"start":{"line":3,"column":209},"end":{"line":22,"column":1}},"line":3},"1":{"name":"(anonymous_1)","decl":{"start":{"line":7,"column":29},"end":{"line":7,"column":30}},"loc":{"start":{"line":7,"column":58},"end":{"line":13,"column":3}},"line":7},"2":{"name":"(anonymous_2)","decl":{"start":{"line":14,"column":12},"end":{"line":14,"column":13}},"loc":{"start":{"line":14,"column":18},"end":{"line":19,"column":3}},"line":14},"3":{"name":"(anonymous_3)","decl":{"start":{"line":16,"column":11},"end":{"line":16,"column":12}},"loc":{"start":{"line":16,"column":17},"end":{"line":18,"column":5}},"line":16}},"branchMap":{"0":{"loc":{"start":{"line":8,"column":4},"end":{"line":12,"column":5}},"type":"if","locations":[{"start":{"line":8,"column":4},"end":{"line":12,"column":5}},{"start":{"line":10,"column":11},"end":{"line":12,"column":5}}],"line":8},"1":{"loc":{"start":{"line":8,"column":8},"end":{"line":8,"column":107}},"type":"binary-expr","locations":[{"start":{"line":8,"column":9},"end":{"line":8,"column":29}},{"start":{"line":8,"column":33},"end":{"line":8,"column":58}},{"start":{"line":8,"column":63},"end":{"line":8,"column":107}}],"line":8}},"s":{"0":3,"1":3,"2":3,"3":2,"4":0,"5":2,"6":3,"7":1,"8":1,"9":1,"10":3},"f":{"0":3,"1":2,"2":1,"3":1},"b":{"0":[0,2],"1":[2,1,1]},"_coverageSchema":"1a1c01bbd47fc00a2c39e90264f33305004495a9","hash":"4b9074e47d04dc894e281a70bd178de8e407ea20"}
}
