TN:
SF:src\components\CheckList.tsx
FN:9,CheckList
FN:14,(anonymous_1)
FN:15,(anonymous_2)
FN:19,(anonymous_3)
FN:20,(anonymous_4)
FN:24,(anonymous_5)
FN:24,(anonymous_6)
FN:27,(anonymous_7)
FN:33,(anonymous_8)
FN:37,(anonymous_9)
FN:39,(anonymous_10)
FN:39,(anonymous_11)
FNF:12
FNH:12
FNDA:3,CheckList
FNDA:51,(anonymous_1)
FNDA:99,(anonymous_2)
FNDA:1,(anonymous_3)
FNDA:17,(anonymous_4)
FNDA:17,(anonymous_5)
FNDA:1,(anonymous_6)
FNDA:1,(anonymous_7)
FNDA:1,(anonymous_8)
FNDA:1,(anonymous_9)
FNDA:34,(anonymous_10)
FNDA:1,(anonymous_11)
DA:10,3
DA:12,3
DA:14,3
DA:15,99
DA:17,3
DA:19,3
DA:20,17
DA:24,17
DA:27,3
DA:28,1
DA:29,0
DA:33,3
DA:35,3
DA:37,1
DA:39,34
DA:45,1
DA:48,1
LF:17
LH:16
BRDA:22,0,0,1
BRDA:22,0,1,16
BRDA:28,1,0,0
BRDA:28,1,1,1
BRDA:33,2,0,1
BRDA:33,2,1,0
BRDA:37,3,0,2
BRDA:37,3,1,1
BRDA:38,4,0,3
BRDA:38,4,1,2
BRF:10
BRH:8
end_of_record
TN:
SF:src\components\Footer.tsx
FN:4,Footer
FNF:1
FNH:1
FNDA:1,Footer
DA:5,1
LF:1
LH:1
BRF:0
BRH:0
end_of_record
TN:
SF:src\components\Logo.tsx
FN:4,Logo
FNF:1
FNH:1
FNDA:1,Logo
DA:5,1
LF:1
LH:1
BRF:0
BRH:0
end_of_record
TN:
SF:src\components\Search.tsx
FN:4,Search
FN:8,(anonymous_1)
FN:12,(anonymous_2)
FN:18,(anonymous_3)
FN:25,(anonymous_4)
FN:25,(anonymous_5)
FN:26,(anonymous_6)
FNF:7
FNH:6
FNDA:5,Search
FNDA:1,(anonymous_1)
FNDA:1,(anonymous_2)
FNDA:2,(anonymous_3)
FNDA:1,(anonymous_4)
FNDA:1,(anonymous_5)
FNDA:0,(anonymous_6)
DA:5,5
DA:6,5
DA:8,5
DA:9,1
DA:12,5
DA:13,1
DA:14,1
DA:18,5
DA:19,2
DA:21,5
DA:25,1
DA:26,0
LF:12
LH:11
BRDA:9,0,0,1
BRDA:9,0,1,0
BRDA:13,1,0,1
BRDA:13,1,1,0
BRF:4
BRH:2
end_of_record
TN:
SF:src\services\hooks.ts
FN:3,useComponentVisible
FN:7,(anonymous_1)
FN:14,(anonymous_2)
FN:16,(anonymous_3)
FNF:4
FNH:4
FNDA:3,useComponentVisible
FNDA:2,(anonymous_1)
FNDA:1,(anonymous_2)
FNDA:1,(anonymous_3)
DA:4,3
DA:5,3
DA:7,3
DA:8,2
DA:9,0
DA:11,2
DA:14,3
DA:15,1
DA:16,1
DA:17,1
DA:21,3
LF:11
LH:10
BRDA:8,0,0,0
BRDA:8,0,1,2
BRDA:8,1,0,2
BRDA:8,1,1,1
BRDA:8,1,2,1
BRF:5
BRH:4
end_of_record
